#
# A fatal error has been detected by the Java Runtime Environment:
#
#  SIGSEGV (0xb) at pc=0x00007fffd424cf31, pid=3357, tid=775
#
# JRE version: Java(TM) SE Runtime Environment (8.0_11-b12) (build 1.8.0_11-b12)
# Java VM: Java HotSpot(TM) 64-Bit Server VM (25.11-b03 mixed mode bsd-amd64 compressed oops)
# Problematic frame:
# C  [libobjc.A.dylib+0x6f31]  objc_retain+0x21
#
# Failed to write core dump. Core dumps have been disabled. To enable core dumping, try "ulimit -c unlimited" before starting Java again
#
# If you would like to submit a bug report, please visit:
#   http://bugreport.sun.com/bugreport/crash.jsp
# The crash happened outside the Java Virtual Machine in native code.
# See problematic frame for where to report the bug.
#

---------------  T H R E A D  ---------------

Current thread (0x00007f83770a8800):  JavaThread "JavaFX Application Thread" [_thread_in_native, id=775, stack(0x00007fff4fd9a000,0x00007fff5059a000)]

siginfo:si_signo=SIGSEGV: si_errno=0, si_code=1 (SEGV_MAPERR), si_addr=0x0000000280000020

Registers:
RAX=0x0000000280000000, RBX=0x00007f8375e70310, RCX=0x0000000280000000, RDX=0x00007fffdd9a7600
RSP=0x00007fff50595200, RBP=0x00007fff50595200, RSI=0x0000000000000307, RDI=0x00007f8378716ed0
R8 =0x0000000000000040, R9 =0x00007fffda7a24b0, R10=0x00007fffd9e20bd8, R11=0x00007f83787e6c10
R12=0x00007f8375ff8e20, R13=0x00007f8375d01288, R14=0x00007fffdd9a8200, R15=0x0000000000000000
RIP=0x00007fffd424cf31, EFLAGS=0x0000000000010206, ERR=0x0000000000000004
  TRAPNO=0x000000000000000e

Top of Stack: (sp=0x00007fff50595200)
0x00007fff50595200:   00007fff50595230 00007fffd42535ba
0x00007fff50595210:   0000000000000000 00007fffbdbb25dd
0x00007fff50595220:   00007f8375e702c0 00007fffd424d040
0x00007fff50595230:   00007fff50595270 00007fffbd005c9b
0x00007fff50595240:   00007fffbd005b2c 00007f837a30ef10
0x00007fff50595250:   0000000000000001 00007f8375d01288
0x00007fff50595260:   00007f837a30ee80 00007fff505952b8
0x00007fff50595270:   00007fff50595290 00007fffbd005b49
0x00007fff50595280:   00007fffbd005b2c 00007f837a30ee70
0x00007fff50595290:   00007fff505952a0 00007fffbf3e5d37
0x00007fff505952a0:   00007fff50595330 00007fffbf3e5ca7
0x00007fff505952b0:   00007f837a14c010 00007f837a30ee70
0x00007fff505952c0:   00007fff50595330 00007fffbf3e5b76
0x00007fff505952d0:   00007fff505952b0 00007fff505952d0
0x00007fff505952e0:   00007f8375d01210 00007f8375d01330
0x00007fff505952f0:   00007fff505952b0 0000000000000002
0x00007fff50595300:   8a2087f22d920029 0000000000000001
0x00007fff50595310:   00007f8375d01200 00007f8375d01320
0x00007fff50595320:   0000000000001a03 00007f8375d01201
0x00007fff50595330:   00007fff50596020 00007fffbf3c66d9
0x00007fff50595340:   4010000000000000 0000000000000000
0x00007fff50595350:   00007fffda3e4da0 00007f83787782a0
0x00007fff50595360:   0000000000000000 00007f83787782b0
0x00007fff50595370:   75d0120100000000 0000000000000000
0x00007fff50595380:   0000000100000000 00007fffbdadf05a
0x00007fff50595390:   0000000100000000 00007f8375d01210
0x00007fff505953a0:   00007f8375d01330 01007fff00001e03
0x00007fff505953b0:   00007f8375d01200 422d25e3ed1c1344
0x00007fff505953c0:   00001b03d9e17088 0000000000000000
0x00007fff505953d0:   00000000505953e0 0000000000000000
0x00007fff505953e0:   0000000000000000 ffffffffffffffff
0x00007fff505953f0:   0000001800001100 0000190300000000 

Instructions: (pc=0x00007fffd424cf31)
0x00007fffd424cf11:   48 89 e5 31 c0 48 85 ff 74 49 40 f6 c7 01 75 40
0x00007fffd424cf21:   48 8b 07 48 b9 f8 ff ff ff ff 7f 00 00 48 21 c1
0x00007fffd424cf31:   f6 41 20 02 74 2f a8 01 74 20 48 b9 00 00 00 00
0x00007fffd424cf41:   00 00 00 01 48 89 c2 48 01 ca 72 29 f0 48 0f b1 

Register to memory mapping:

RAX=0x0000000280000000 is an unknown value
RBX=0x00007f8375e70310 is an unknown value
RCX=0x0000000280000000 is an unknown value
RDX=0x00007fffdd9a7600: PropertyLocks+0 in /usr/lib/libobjc.A.dylib at 0x00007fffd4246000
RSP=0x00007fff50595200 is pointing into the stack for thread: 0x00007f83770a8800
RBP=0x00007fff50595200 is pointing into the stack for thread: 0x00007f83770a8800
RSI=0x0000000000000307 is an unknown value
RDI=0x00007f8378716ed0 is an unknown value
R8 =0x0000000000000040 is an unknown value
R9 =0x00007fffda7a24b0: _NSKeyValueObserverRegistrationLock+0x18 in /System/Library/Frameworks/Foundation.framework/Versions/C/Foundation at 0x00007fffc0db7000
R10=0x00007fffd9e20bd8: OBJC_CLASS_$__NSAutomaticFocusRingState+0 in /System/Library/Frameworks/AppKit.framework/Versions/C/AppKit at 0x00007fffbce7a000
R11=0x00007f83787e6c10 is an unknown value
R12=0x00007f8375ff8e20 is an unknown value
R13=0x00007f8375d01288 is an unknown value
R14=0x00007fffdd9a8200: PropertyLocks+0xc00 in /usr/lib/libobjc.A.dylib at 0x00007fffd4246000
R15=0x0000000000000000 is an unknown value


Stack: [0x00007fff4fd9a000,0x00007fff5059a000],  sp=0x00007fff50595200,  free space=8172k
Native frames: (J=compiled Java code, j=interpreted, Vv=VM code, C=native code)
C  [libobjc.A.dylib+0x6f31]  objc_retain+0x21
C  [libobjc.A.dylib+0xd5ba]  objc_getProperty+0x64
C  [AppKit+0x18bc9b]  +[_NSAutomaticFocusRing setActiveFirstResponderChanged]+0xde
C  [AppKit+0x18bb49]  ___NSPostActiveFirstResponderChanged_block_invoke+0x1d
C  [CoreFoundation+0xa6d37]  __CFRUNLOOP_IS_CALLING_OUT_TO_AN_OBSERVER_CALLBACK_FUNCTION__+0x17
C  [CoreFoundation+0xa6ca7]  __CFRunLoopDoObservers+0x187
C  [CoreFoundation+0x876d9]  __CFRunLoopRun+0x369
C  [CoreFoundation+0x87114]  CFRunLoopRunSpecific+0x1a4
C  [HIToolbox+0x30ebc]  RunCurrentEventLoopInMode+0xf0
C  [HIToolbox+0x30cf1]  ReceiveNextEventCommon+0x1b0
C  [HIToolbox+0x30b26]  _BlockUntilNextEventMatchingListInModeWithFilter+0x47
C  [AppKit+0x46a54]  _DPSNextEvent+0x460
C  [AppKit+0x7c27ee]  -[NSApplication(NSEvent) _nextEventMatchingEventMask:untilDate:inMode:dequeue:]+0xaec
C  [AppKit+0x3b3db]  -[NSApplication run]+0x39e
C  [libglass.dylib+0xbf95]  -[GlassApplication runLoop:]+0x6a5
C  [Foundation+0x717ba]  __NSThreadPerformPerform+0x146
C  [CoreFoundation+0xa7321]  __CFRUNLOOP_IS_CALLING_OUT_TO_A_SOURCE0_PERFORM_FUNCTION__+0x11
C  [CoreFoundation+0x8821d]  __CFRunLoopDoSources0+0x22d
C  [CoreFoundation+0x87716]  __CFRunLoopRun+0x3a6
C  [CoreFoundation+0x87114]  CFRunLoopRunSpecific+0x1a4
C  [java+0x56cb]  CreateExecutionEnvironment+0x367
C  [java+0x166c]  JLI_Launch+0x7a0
C  [java+0x7689]  main+0x65
C  [java+0xec4]  start+0x34


---------------  P R O C E S S  ---------------

Java Threads: ( => current thread )
  0x00007f83771d4800 JavaThread "Prism Font Disposer" daemon [_thread_blocked, id=55115, stack(0x0000700003e48000,0x0000700003f48000)]
  0x00007f83770ca000 JavaThread "Thread-4" daemon [_thread_in_native, id=37635, stack(0x0000700003c3c000,0x0000700003cbc000)]
=>0x00007f83770a8800 JavaThread "JavaFX Application Thread" [_thread_in_native, id=775, stack(0x00007fff4fd9a000,0x00007fff5059a000)]
  0x00007f83768f2000 JavaThread "Thread-2" daemon [_thread_blocked, id=26119, stack(0x0000700003b39000,0x0000700003c39000)]
  0x00007f83768e7800 JavaThread "QuantumRenderer-0" daemon [_thread_blocked, id=20739, stack(0x0000700003a36000,0x0000700003b36000)]
  0x00007f83778c6800 JavaThread "JavaFX-Launcher" [_thread_blocked, id=20227, stack(0x0000700003933000,0x0000700003a33000)]
  0x00007f837781a000 JavaThread "Monitor Ctrl-Break" daemon [_thread_in_native, id=19715, stack(0x0000700003830000,0x0000700003930000)]
  0x00007f8377818800 JavaThread "Service Thread" daemon [_thread_blocked, id=18691, stack(0x000070000362a000,0x000070000372a000)]
  0x00007f8377009000 JavaThread "C1 CompilerThread2" daemon [_thread_blocked, id=18179, stack(0x0000700003527000,0x0000700003627000)]
  0x00007f837685e000 JavaThread "C2 CompilerThread1" daemon [_thread_in_native, id=17667, stack(0x0000700003424000,0x0000700003524000)]
  0x00007f8376037000 JavaThread "C2 CompilerThread0" daemon [_thread_blocked, id=17155, stack(0x0000700003321000,0x0000700003421000)]
  0x00007f837780d000 JavaThread "Signal Dispatcher" daemon [_thread_blocked, id=16643, stack(0x000070000321e000,0x000070000331e000)]
  0x00007f837602b800 JavaThread "Finalizer" daemon [_thread_blocked, id=12547, stack(0x000070000311b000,0x000070000321b000)]
  0x00007f837602b000 JavaThread "Reference Handler" daemon [_thread_blocked, id=12035, stack(0x0000700003018000,0x0000700003118000)]
  0x00007f8377000000 JavaThread "main" [_thread_blocked, id=3587, stack(0x000070000287d000,0x000070000297d000)]

Other Threads:
  0x00007f8376026000 VMThread [stack: 0x0000700002f15000,0x0000700003015000] [id=11523]
  0x00007f8376852000 WatcherThread [stack: 0x000070000372d000,0x000070000382d000] [id=19203]

VM state:not at safepoint (normal execution)

VM Mutex/Monitor currently owned by a thread: None

Heap:
 PSYoungGen      total 12288K, used 11009K [0x0000000795580000, 0x0000000796980000, 0x00000007c0000000)
  eden space 10752K, 94% used [0x0000000795580000,0x0000000795f686a8,0x0000000796000000)
  from space 1536K, 56% used [0x0000000796000000,0x00000007960d8000,0x0000000796180000)
  to   space 1536K, 0% used [0x0000000796800000,0x0000000796800000,0x0000000796980000)
 ParOldGen       total 129536K, used 8594K [0x0000000740000000, 0x0000000747e80000, 0x0000000795580000)
  object space 129536K, 6% used [0x0000000740000000,0x0000000740864948,0x0000000747e80000)
 Metaspace       used 15809K, capacity 15972K, committed 16256K, reserved 1062912K
  class space    used 2331K, capacity 2366K, committed 2432K, reserved 1048576K

Card table byte_map: [0x00000001111d1000,0x00000001115d2000] byte_map_base: 0x000000010d7d1000

Marking Bits: (ParMarkBitMap*) 0x000000010ff5d0a0
 Begin Bits: [0x000000011187d000, 0x000000011387d000)
 End Bits:   [0x000000011387d000, 0x000000011587d000)

Polling page: 0x00000001105f9000

CodeCache: size=245760Kb used=5573Kb max_used=5588Kb free=240186Kb
 bounds [0x0000000116935000, 0x0000000116eb5000, 0x0000000125935000]
 total_blobs=2476 nmethods=1853 adapters=537
 compilation: enabled

Compilation events (10 events):
Event: 20.689 Thread 0x00007f8377009000 1855       3       javafx.scene.layout.Region::snappedBottomInset (5 bytes)
Event: 20.689 Thread 0x00007f8377009000 nmethod 1855 0x0000000116ea19d0 code [0x0000000116ea1b20, 0x0000000116ea1c70]
Event: 20.689 Thread 0x00007f8377009000 1854       3       javafx.scene.layout.Region::snappedRightInset (5 bytes)
Event: 20.689 Thread 0x00007f8377009000 nmethod 1854 0x0000000116ea1d10 code [0x0000000116ea1e60, 0x0000000116ea1fb0]
Event: 20.689 Thread 0x00007f8377009000 1856       1       javafx.geometry.Pos::getHpos (5 bytes)
Event: 20.689 Thread 0x00007f8377009000 nmethod 1856 0x0000000116ea2050 code [0x0000000116ea21a0, 0x0000000116ea22b0]
Event: 20.689 Thread 0x00007f8377009000 1846       3       com.sun.javafx.font.LogicalFont::getSlotResource (133 bytes)
Event: 20.690 Thread 0x00007f8377009000 nmethod 1846 0x0000000116ea2310 code [0x0000000116ea2580, 0x0000000116ea33c8]
Event: 20.716 Thread 0x00007f837685e000 nmethod 1786 0x0000000116ea7710 code [0x0000000116ea7940, 0x0000000116ea87c0]
Event: 20.716 Thread 0x00007f837685e000 1825       4       com.sun.javafx.css.CompoundSelector::applies (144 bytes)

GC Heap History (10 events):
Event: 1.083 GC heap before
{Heap before GC invocations=9 (full 0):
 PSYoungGen      total 5120K, used 5039K [0x0000000795580000, 0x0000000795b80000, 0x00000007c0000000)
  eden space 4096K, 99% used [0x0000000795580000,0x0000000795977fa0,0x0000000795980000)
  from space 1024K, 95% used [0x0000000795a80000,0x0000000795b74040,0x0000000795b80000)
  to   space 1024K, 0% used [0x0000000795980000,0x0000000795980000,0x0000000795a80000)
 ParOldGen       total 129536K, used 788K [0x0000000740000000, 0x0000000747e80000, 0x0000000795580000)
  object space 129536K, 0% used [0x0000000740000000,0x00000007400c5060,0x0000000747e80000)
 Metaspace       used 8334K, capacity 8450K, committed 8576K, reserved 1056768K
  class space    used 1075K, capacity 1110K, committed 1152K, reserved 1048576K
Event: 1.089 GC heap after
Heap after GC invocations=9 (full 0):
 PSYoungGen      total 5120K, used 992K [0x0000000795580000, 0x0000000795f00000, 0x00000007c0000000)
  eden space 4096K, 0% used [0x0000000795580000,0x0000000795580000,0x0000000795980000)
  from space 1024K, 96% used [0x0000000795980000,0x0000000795a78020,0x0000000795a80000)
  to   space 1536K, 0% used [0x0000000795d80000,0x0000000795d80000,0x0000000795f00000)
 ParOldGen       total 129536K, used 1164K [0x0000000740000000, 0x0000000747e80000, 0x0000000795580000)
  object space 129536K, 0% used [0x0000000740000000,0x0000000740123070,0x0000000747e80000)
 Metaspace       used 8334K, capacity 8450K, committed 8576K, reserved 1056768K
  class space    used 1075K, capacity 1110K, committed 1152K, reserved 1048576K
}
Event: 1.223 GC heap before
{Heap before GC invocations=10 (full 0):
 PSYoungGen      total 5120K, used 5088K [0x0000000795580000, 0x0000000795f00000, 0x00000007c0000000)
  eden space 4096K, 100% used [0x0000000795580000,0x0000000795980000,0x0000000795980000)
  from space 1024K, 96% used [0x0000000795980000,0x0000000795a78020,0x0000000795a80000)
  to   space 1536K, 0% used [0x0000000795d80000,0x0000000795d80000,0x0000000795f00000)
 ParOldGen       total 129536K, used 1164K [0x0000000740000000, 0x0000000747e80000, 0x0000000795580000)
  object space 129536K, 0% used [0x0000000740000000,0x0000000740123070,0x0000000747e80000)
 Metaspace       used 9610K, capacity 9768K, committed 9856K, reserved 1058816K
  class space    used 1301K, capacity 1335K, committed 1408K, reserved 1048576K
Event: 1.225 GC heap after
Heap after GC invocations=10 (full 0):
 PSYoungGen      total 8192K, used 1344K [0x0000000795580000, 0x0000000795f00000, 0x00000007c0000000)
  eden space 6656K, 0% used [0x0000000795580000,0x0000000795580000,0x0000000795c00000)
  from space 1536K, 87% used [0x0000000795d80000,0x0000000795ed0000,0x0000000795f00000)
  to   space 1536K, 0% used [0x0000000795c00000,0x0000000795c00000,0x0000000795d80000)
 ParOldGen       total 129536K, used 1836K [0x0000000740000000, 0x0000000747e80000, 0x0000000795580000)
  object space 129536K, 1% used [0x0000000740000000,0x00000007401cb0a0,0x0000000747e80000)
 Metaspace       used 9610K, capacity 9768K, committed 9856K, reserved 1058816K
  class space    used 1301K, capacity 1335K, committed 1408K, reserved 1048576K
}
Event: 2.033 GC heap before
{Heap before GC invocations=11 (full 0):
 PSYoungGen      total 8192K, used 8000K [0x0000000795580000, 0x0000000795f00000, 0x00000007c0000000)
  eden space 6656K, 100% used [0x0000000795580000,0x0000000795c00000,0x0000000795c00000)
  from space 1536K, 87% used [0x0000000795d80000,0x0000000795ed0000,0x0000000795f00000)
  to   space 1536K, 0% used [0x0000000795c00000,0x0000000795c00000,0x0000000795d80000)
 ParOldGen       total 129536K, used 1836K [0x0000000740000000, 0x0000000747e80000, 0x0000000795580000)
  object space 129536K, 1% used [0x0000000740000000,0x00000007401cb0a0,0x0000000747e80000)
 Metaspace       used 11867K, capacity 12008K, committed 12288K, reserved 1060864K
  class space    used 1678K, capacity 1719K, committed 1792K, reserved 1048576K
Event: 2.036 GC heap after
Heap after GC invocations=11 (full 0):
 PSYoungGen      total 8192K, used 1152K [0x0000000795580000, 0x0000000796300000, 0x00000007c0000000)
  eden space 6656K, 0% used [0x0000000795580000,0x0000000795580000,0x0000000795c00000)
  from space 1536K, 75% used [0x0000000795c00000,0x0000000795d20000,0x0000000795d80000)
  to   space 1536K, 0% used [0x0000000796180000,0x0000000796180000,0x0000000796300000)
 ParOldGen       total 129536K, used 3100K [0x0000000740000000, 0x0000000747e80000, 0x0000000795580000)
  object space 129536K, 2% used [0x0000000740000000,0x00000007403070b0,0x0000000747e80000)
 Metaspace       used 11867K, capacity 12008K, committed 12288K, reserved 1060864K
  class space    used 1678K, capacity 1719K, committed 1792K, reserved 1048576K
}
Event: 2.491 GC heap before
{Heap before GC invocations=12 (full 0):
 PSYoungGen      total 8192K, used 7808K [0x0000000795580000, 0x0000000796300000, 0x00000007c0000000)
  eden space 6656K, 100% used [0x0000000795580000,0x0000000795c00000,0x0000000795c00000)
  from space 1536K, 75% used [0x0000000795c00000,0x0000000795d20000,0x0000000795d80000)
  to   space 1536K, 0% used [0x0000000796180000,0x0000000796180000,0x0000000796300000)
 ParOldGen       total 129536K, used 3100K [0x0000000740000000, 0x0000000747e80000, 0x0000000795580000)
  object space 129536K, 2% used [0x0000000740000000,0x00000007403070b0,0x0000000747e80000)
 Metaspace       used 13152K, capacity 13352K, committed 13440K, reserved 1060864K
  class space    used 1872K, capacity 1911K, committed 1920K, reserved 1048576K
Event: 2.495 GC heap after
Heap after GC invocations=12 (full 0):
 PSYoungGen      total 12288K, used 402K [0x0000000795580000, 0x0000000796300000, 0x00000007c0000000)
  eden space 10752K, 0% used [0x0000000795580000,0x0000000795580000,0x0000000796000000)
  from space 1536K, 26% used [0x0000000796180000,0x00000007961e4a80,0x0000000796300000)
  to   space 1536K, 0% used [0x0000000796000000,0x0000000796000000,0x0000000796180000)
 ParOldGen       total 129536K, used 8248K [0x0000000740000000, 0x0000000747e80000, 0x0000000795580000)
  object space 129536K, 6% used [0x0000000740000000,0x000000074080e1b0,0x0000000747e80000)
 Metaspace       used 13152K, capacity 13352K, committed 13440K, reserved 1060864K
  class space    used 1872K, capacity 1911K, committed 1920K, reserved 1048576K
}
Event: 6.999 GC heap before
{Heap before GC invocations=13 (full 0):
 PSYoungGen      total 12288K, used 11154K [0x0000000795580000, 0x0000000796300000, 0x00000007c0000000)
  eden space 10752K, 100% used [0x0000000795580000,0x0000000796000000,0x0000000796000000)
  from space 1536K, 26% used [0x0000000796180000,0x00000007961e4a80,0x0000000796300000)
  to   space 1536K, 0% used [0x0000000796000000,0x0000000796000000,0x0000000796180000)
 ParOldGen       total 129536K, used 8248K [0x0000000740000000, 0x0000000747e80000, 0x0000000795580000)
  object space 129536K, 6% used [0x0000000740000000,0x000000074080e1b0,0x0000000747e80000)
 Metaspace       used 15523K, capacity 15768K, committed 16000K, reserved 1062912K
  class space    used 2325K, capacity 2364K, committed 2432K, reserved 1048576K
Event: 7.001 GC heap after
Heap after GC invocations=13 (full 0):
 PSYoungGen      total 12288K, used 864K [0x0000000795580000, 0x0000000796980000, 0x00000007c0000000)
  eden space 10752K, 0% used [0x0000000795580000,0x0000000795580000,0x0000000796000000)
  from space 1536K, 56% used [0x0000000796000000,0x00000007960d8000,0x0000000796180000)
  to   space 1536K, 0% used [0x0000000796800000,0x0000000796800000,0x0000000796980000)
 ParOldGen       total 129536K, used 8594K [0x0000000740000000, 0x0000000747e80000, 0x0000000795580000)
  object space 129536K, 6% used [0x0000000740000000,0x0000000740864948,0x0000000747e80000)
 Metaspace       used 15523K, capacity 15768K, committed 16000K, reserved 1062912K
  class space    used 2325K, capacity 2364K, committed 2432K, reserved 1048576K
}

Deoptimization events (10 events):
Event: 1.341 Thread 0x00007f83770a8800 Uncommon trap: reason=class_check action=maybe_recompile pc=0x0000000116b66ad0 method=java.io.DataInputStream.readShort()S @ 4
Event: 1.341 Thread 0x00007f83770a8800 Uncommon trap: reason=class_check action=maybe_recompile pc=0x0000000116b66ad0 method=java.io.DataInputStream.readShort()S @ 4
Event: 1.350 Thread 0x00007f83770a8800 Uncommon trap: reason=class_check action=maybe_recompile pc=0x0000000116a60618 method=java.lang.String.equals(Ljava/lang/Object;)Z @ 8
Event: 1.350 Thread 0x00007f83770a8800 Uncommon trap: reason=class_check action=maybe_recompile pc=0x0000000116a60618 method=java.lang.String.equals(Ljava/lang/Object;)Z @ 8
Event: 1.360 Thread 0x00007f83770a8800 Uncommon trap: reason=class_check action=maybe_recompile pc=0x0000000116a60618 method=java.lang.String.equals(Ljava/lang/Object;)Z @ 8
Event: 1.360 Thread 0x00007f83770a8800 Uncommon trap: reason=class_check action=maybe_recompile pc=0x0000000116a60618 method=java.lang.String.equals(Ljava/lang/Object;)Z @ 8
Event: 1.945 Thread 0x00007f83770a8800 Uncommon trap: reason=unloaded action=reinterpret pc=0x0000000116b10a18 method=java.lang.CharacterData.of(I)Ljava/lang/CharacterData; @ 96
Event: 1.974 Thread 0x00007f83770a8800 Uncommon trap: reason=class_check action=maybe_recompile pc=0x0000000116bd4170 method=java.util.HashMap.putVal(ILjava/lang/Object;Ljava/lang/Object;ZZ)Ljava/lang/Object; @ 203
Event: 1.974 Thread 0x00007f83770a8800 Uncommon trap: reason=class_check action=maybe_recompile pc=0x0000000116bd4170 method=java.util.HashMap.putVal(ILjava/lang/Object;Ljava/lang/Object;ZZ)Ljava/lang/Object; @ 203
Event: 4.226 Thread 0x00007f83770a8800 Uncommon trap: reason=class_check action=maybe_recompile pc=0x0000000116bd4170 method=java.util.HashMap.putVal(ILjava/lang/Object;Ljava/lang/Object;ZZ)Ljava/lang/Object; @ 203

Internal exceptions (10 events):
Event: 20.637 Thread 0x00007f83770a8800 Exception <a 'java/security/PrivilegedActionException'> (0x0000000795d22410) thrown at [/HUDSON3/workspace/8-2-build-macosx-x86_64/jdk8u11/648/hotspot/src/share/vm/prims/jvm.cpp, line 1248]
Event: 20.637 Thread 0x00007f83770a8800 Exception <a 'java/security/PrivilegedActionException'> (0x0000000795d3f8a8) thrown at [/HUDSON3/workspace/8-2-build-macosx-x86_64/jdk8u11/648/hotspot/src/share/vm/prims/jvm.cpp, line 1248]
Event: 20.640 Thread 0x00007f83770a8800 Exception <a 'java/security/PrivilegedActionException'> (0x0000000795db2980) thrown at [/HUDSON3/workspace/8-2-build-macosx-x86_64/jdk8u11/648/hotspot/src/share/vm/prims/jvm.cpp, line 1248]
Event: 20.641 Thread 0x00007f83770a8800 Exception <a 'java/security/PrivilegedActionException'> (0x0000000795dcfac8) thrown at [/HUDSON3/workspace/8-2-build-macosx-x86_64/jdk8u11/648/hotspot/src/share/vm/prims/jvm.cpp, line 1248]
Event: 20.641 Thread 0x00007f83770a8800 Exception <a 'java/security/PrivilegedActionException'> (0x0000000795dd0168) thrown at [/HUDSON3/workspace/8-2-build-macosx-x86_64/jdk8u11/648/hotspot/src/share/vm/prims/jvm.cpp, line 1248]
Event: 20.641 Thread 0x00007f83770a8800 Exception <a 'java/security/PrivilegedActionException'> (0x0000000795dd2000) thrown at [/HUDSON3/workspace/8-2-build-macosx-x86_64/jdk8u11/648/hotspot/src/share/vm/prims/jvm.cpp, line 1248]
Event: 20.641 Thread 0x00007f83770a8800 Exception <a 'java/security/PrivilegedActionException'> (0x0000000795dd26a0) thrown at [/HUDSON3/workspace/8-2-build-macosx-x86_64/jdk8u11/648/hotspot/src/share/vm/prims/jvm.cpp, line 1248]
Event: 20.641 Thread 0x00007f83770a8800 Exception <a 'java/security/PrivilegedActionException'> (0x0000000795dd4538) thrown at [/HUDSON3/workspace/8-2-build-macosx-x86_64/jdk8u11/648/hotspot/src/share/vm/prims/jvm.cpp, line 1248]
Event: 20.642 Thread 0x00007f83770a8800 Exception <a 'java/security/PrivilegedActionException'> (0x0000000795deff50) thrown at [/HUDSON3/workspace/8-2-build-macosx-x86_64/jdk8u11/648/hotspot/src/share/vm/prims/jvm.cpp, line 1248]
Event: 20.642 Thread 0x00007f83770a8800 Exception <a 'java/security/PrivilegedActionException'> (0x0000000795e0d168) thrown at [/HUDSON3/workspace/8-2-build-macosx-x86_64/jdk8u11/648/hotspot/src/share/vm/prims/jvm.cpp, line 1248]

Events (10 events):
Event: 20.637 loading class javafx/scene/Button
Event: 20.637 loading class javafx/scene/Button done
Event: 20.640 loading class javafx/geometry/Label
Event: 20.640 loading class javafx/geometry/Label done
Event: 20.641 loading class java/lang/Label
Event: 20.641 loading class java/lang/Label done
Event: 20.641 loading class java/util/Label
Event: 20.641 loading class java/util/Label done
Event: 20.641 loading class javafx/scene/Label
Event: 20.641 loading class javafx/scene/Label done


Dynamic libraries:
0x0000000049fc9000 	/System/Library/Frameworks/Cocoa.framework/Versions/A/Cocoa
0x0000000049fc9000 	/System/Library/Frameworks/Security.framework/Versions/A/Security
0x0000000049fc9000 	/System/Library/Frameworks/ApplicationServices.framework/Versions/A/ApplicationServices
0x0000000049fc9000 	/usr/lib/libz.1.dylib
0x0000000049fc9000 	/usr/lib/libSystem.B.dylib
0x0000000049fc9000 	/usr/lib/libobjc.A.dylib
0x0000000049fc9000 	/System/Library/Frameworks/CoreFoundation.framework/Versions/A/CoreFoundation
0x0000000049fc9000 	/System/Library/Frameworks/Foundation.framework/Versions/C/Foundation
0x0000000049fc9000 	/System/Library/Frameworks/AppKit.framework/Versions/C/AppKit
0x0000000049fc9000 	/System/Library/Frameworks/CoreData.framework/Versions/A/CoreData
0x0000000049fc9000 	/System/Library/PrivateFrameworks/RemoteViewServices.framework/Versions/A/RemoteViewServices
0x0000000049fc9000 	/System/Library/PrivateFrameworks/UIFoundation.framework/Versions/A/UIFoundation
0x0000000049fc9000 	/System/Library/PrivateFrameworks/DFRFoundation.framework/Versions/A/DFRFoundation
0x0000000049fc9000 	/usr/lib/libenergytrace.dylib
0x0000000049fc9000 	/System/Library/PrivateFrameworks/SkyLight.framework/Versions/A/SkyLight
0x0000000049fc9000 	/System/Library/Frameworks/CoreGraphics.framework/Versions/A/CoreGraphics
0x0000000049fc9000 	/usr/lib/libScreenReader.dylib
0x0000000049fc9000 	/System/Library/Frameworks/Accelerate.framework/Versions/A/Accelerate
0x0000000049fc9000 	/System/Library/Frameworks/IOSurface.framework/Versions/A/IOSurface
0x0000000049fc9000 	/System/Library/Frameworks/AudioToolbox.framework/Versions/A/AudioToolbox
0x0000000049fc9000 	/System/Library/Frameworks/AudioUnit.framework/Versions/A/AudioUnit
0x0000000049fc9000 	/System/Library/PrivateFrameworks/DataDetectorsCore.framework/Versions/A/DataDetectorsCore
0x0000000049fc9000 	/System/Library/PrivateFrameworks/DesktopServicesPriv.framework/Versions/A/DesktopServicesPriv
0x0000000049fc9000 	/System/Library/Frameworks/Carbon.framework/Versions/A/Frameworks/HIToolbox.framework/Versions/A/HIToolbox
0x0000000049fc9000 	/usr/lib/libicucore.A.dylib
0x0000000049fc9000 	/System/Library/Frameworks/QuartzCore.framework/Versions/A/QuartzCore
0x0000000049fc9000 	/System/Library/Frameworks/Carbon.framework/Versions/A/Frameworks/SpeechRecognition.framework/Versions/A/SpeechRecognition
0x0000000049fc9000 	/usr/lib/libauto.dylib
0x0000000049fc9000 	/usr/lib/libxml2.2.dylib
0x0000000049fc9000 	/System/Library/PrivateFrameworks/CoreUI.framework/Versions/A/CoreUI
0x0000000049fc9000 	/System/Library/Frameworks/CoreAudio.framework/Versions/A/CoreAudio
0x0000000049fc9000 	/System/Library/Frameworks/DiskArbitration.framework/Versions/A/DiskArbitration
0x0000000049fc9000 	/usr/lib/liblangid.dylib
0x0000000049fc9000 	/System/Library/PrivateFrameworks/MultitouchSupport.framework/Versions/A/MultitouchSupport
0x0000000049fc9000 	/System/Library/Frameworks/IOKit.framework/Versions/A/IOKit
0x0000000049fc9000 	/usr/lib/libDiagnosticMessagesClient.dylib
0x0000000049fc9000 	/System/Library/Frameworks/CoreServices.framework/Versions/A/CoreServices
0x0000000049fc9000 	/System/Library/PrivateFrameworks/PerformanceAnalysis.framework/Versions/A/PerformanceAnalysis
0x0000000049fc9000 	/System/Library/PrivateFrameworks/GenerationalStorage.framework/Versions/A/GenerationalStorage
0x0000000049fc9000 	/System/Library/Frameworks/OpenGL.framework/Versions/A/OpenGL
0x0000000049fc9000 	/System/Library/Frameworks/CoreImage.framework/Versions/A/CoreImage
0x0000000049fc9000 	/System/Library/Frameworks/CoreText.framework/Versions/A/CoreText
0x0000000049fc9000 	/System/Library/Frameworks/ImageIO.framework/Versions/A/ImageIO
0x0000000049fc9000 	/System/Library/PrivateFrameworks/Backup.framework/Versions/A/Backup
0x0000000049fc9000 	/usr/lib/libarchive.2.dylib
0x0000000049fc9000 	/System/Library/Frameworks/CFNetwork.framework/Versions/A/CFNetwork
0x0000000049fc9000 	/System/Library/Frameworks/SystemConfiguration.framework/Versions/A/SystemConfiguration
0x0000000049fc9000 	/usr/lib/libCRFSuite.dylib
0x0000000049fc9000 	/usr/lib/libc++.1.dylib
0x0000000049fc9000 	/usr/lib/libc++abi.dylib
0x0000000049fc9000 	/usr/lib/system/libcache.dylib
0x0000000049fc9000 	/usr/lib/system/libcommonCrypto.dylib
0x0000000049fc9000 	/usr/lib/system/libcompiler_rt.dylib
0x0000000049fc9000 	/usr/lib/system/libcopyfile.dylib
0x0000000049fc9000 	/usr/lib/system/libcorecrypto.dylib
0x0000000049fc9000 	/usr/lib/system/libdispatch.dylib
0x0000000049fc9000 	/usr/lib/system/libdyld.dylib
0x0000000049fc9000 	/usr/lib/system/libkeymgr.dylib
0x0000000049fc9000 	/usr/lib/system/liblaunch.dylib
0x0000000049fc9000 	/usr/lib/system/libmacho.dylib
0x0000000049fc9000 	/usr/lib/system/libquarantine.dylib
0x0000000049fc9000 	/usr/lib/system/libremovefile.dylib
0x0000000049fc9000 	/usr/lib/system/libsystem_asl.dylib
0x0000000049fc9000 	/usr/lib/system/libsystem_blocks.dylib
0x0000000049fc9000 	/usr/lib/system/libsystem_c.dylib
0x0000000049fc9000 	/usr/lib/system/libsystem_configuration.dylib
0x0000000049fc9000 	/usr/lib/system/libsystem_coreservices.dylib
0x0000000049fc9000 	/usr/lib/system/libsystem_coretls.dylib
0x0000000049fc9000 	/usr/lib/system/libsystem_dnssd.dylib
0x0000000049fc9000 	/usr/lib/system/libsystem_info.dylib
0x0000000049fc9000 	/usr/lib/system/libsystem_kernel.dylib
0x0000000049fc9000 	/usr/lib/system/libsystem_m.dylib
0x0000000049fc9000 	/usr/lib/system/libsystem_malloc.dylib
0x0000000049fc9000 	/usr/lib/system/libsystem_network.dylib
0x0000000049fc9000 	/usr/lib/system/libsystem_networkextension.dylib
0x0000000049fc9000 	/usr/lib/system/libsystem_notify.dylib
0x0000000049fc9000 	/usr/lib/system/libsystem_platform.dylib
0x0000000049fc9000 	/usr/lib/system/libsystem_pthread.dylib
0x0000000049fc9000 	/usr/lib/system/libsystem_sandbox.dylib
0x0000000049fc9000 	/usr/lib/system/libsystem_secinit.dylib
0x0000000049fc9000 	/usr/lib/system/libsystem_symptoms.dylib
0x0000000049fc9000 	/usr/lib/system/libsystem_trace.dylib
0x0000000049fc9000 	/usr/lib/system/libunwind.dylib
0x0000000049fc9000 	/usr/lib/system/libxpc.dylib
0x0000000049fc9000 	/usr/lib/libbsm.0.dylib
0x0000000049fc9000 	/usr/lib/system/libkxld.dylib
0x0000000049fc9000 	/usr/lib/libcoretls.dylib
0x0000000049fc9000 	/usr/lib/libcoretls_cfhelpers.dylib
0x0000000049fc9000 	/usr/lib/libOpenScriptingUtil.dylib
0x0000000049fc9000 	/usr/lib/libpam.2.dylib
0x0000000049fc9000 	/usr/lib/libsqlite3.dylib
0x0000000049fc9000 	/usr/lib/libxar.1.dylib
0x0000000049fc9000 	/usr/lib/libbz2.1.0.dylib
0x0000000049fc9000 	/usr/lib/liblzma.5.dylib
0x0000000049fc9000 	/usr/lib/libnetwork.dylib
0x0000000049fc9000 	/usr/lib/libpcap.A.dylib
0x0000000049fc9000 	/System/Library/Frameworks/CoreServices.framework/Versions/A/Frameworks/FSEvents.framework/Versions/A/FSEvents
0x0000000049fc9000 	/System/Library/Frameworks/CoreServices.framework/Versions/A/Frameworks/CarbonCore.framework/Versions/A/CarbonCore
0x0000000049fc9000 	/System/Library/Frameworks/CoreServices.framework/Versions/A/Frameworks/Metadata.framework/Versions/A/Metadata
0x0000000049fc9000 	/System/Library/Frameworks/CoreServices.framework/Versions/A/Frameworks/OSServices.framework/Versions/A/OSServices
0x0000000049fc9000 	/System/Library/Frameworks/CoreServices.framework/Versions/A/Frameworks/SearchKit.framework/Versions/A/SearchKit
0x0000000049fc9000 	/System/Library/Frameworks/CoreServices.framework/Versions/A/Frameworks/AE.framework/Versions/A/AE
0x0000000049fc9000 	/System/Library/Frameworks/CoreServices.framework/Versions/A/Frameworks/LaunchServices.framework/Versions/A/LaunchServices
0x0000000049fc9000 	/System/Library/Frameworks/CoreServices.framework/Versions/A/Frameworks/DictionaryServices.framework/Versions/A/DictionaryServices
0x0000000049fc9000 	/System/Library/Frameworks/CoreServices.framework/Versions/A/Frameworks/SharedFileList.framework/Versions/A/SharedFileList
0x0000000049fc9000 	/System/Library/Frameworks/NetFS.framework/Versions/A/NetFS
0x0000000049fc9000 	/System/Library/PrivateFrameworks/NetAuth.framework/Versions/A/NetAuth
0x0000000049fc9000 	/System/Library/PrivateFrameworks/login.framework/Versions/A/Frameworks/loginsupport.framework/Versions/A/loginsupport
0x0000000049fc9000 	/System/Library/PrivateFrameworks/TCC.framework/Versions/A/TCC
0x0000000049fc9000 	/usr/lib/libmecabra.dylib
0x0000000049fc9000 	/System/Library/Frameworks/ApplicationServices.framework/Versions/A/Frameworks/ATS.framework/Versions/A/ATS
0x0000000049fc9000 	/System/Library/Frameworks/ApplicationServices.framework/Versions/A/Frameworks/ColorSync.framework/Versions/A/ColorSync
0x0000000049fc9000 	/System/Library/Frameworks/ApplicationServices.framework/Versions/A/Frameworks/HIServices.framework/Versions/A/HIServices
0x0000000049fc9000 	/System/Library/Frameworks/ApplicationServices.framework/Versions/A/Frameworks/LangAnalysis.framework/Versions/A/LangAnalysis
0x0000000049fc9000 	/System/Library/Frameworks/ApplicationServices.framework/Versions/A/Frameworks/PrintCore.framework/Versions/A/PrintCore
0x0000000049fc9000 	/System/Library/Frameworks/ApplicationServices.framework/Versions/A/Frameworks/QD.framework/Versions/A/QD
0x0000000049fc9000 	/System/Library/Frameworks/ApplicationServices.framework/Versions/A/Frameworks/SpeechSynthesis.framework/Versions/A/SpeechSynthesis
0x0000000049fc9000 	/System/Library/Frameworks/Accelerate.framework/Versions/A/Frameworks/vImage.framework/Versions/A/vImage
0x0000000049fc9000 	/System/Library/Frameworks/Accelerate.framework/Versions/A/Frameworks/vecLib.framework/Versions/A/vecLib
0x0000000049fc9000 	/System/Library/Frameworks/Accelerate.framework/Versions/A/Frameworks/vecLib.framework/Versions/A/libvDSP.dylib
0x0000000049fc9000 	/System/Library/Frameworks/Accelerate.framework/Versions/A/Frameworks/vecLib.framework/Versions/A/libBNNS.dylib
0x0000000049fc9000 	/System/Library/Frameworks/Accelerate.framework/Versions/A/Frameworks/vecLib.framework/Versions/A/libQuadrature.dylib
0x0000000049fc9000 	/System/Library/Frameworks/Accelerate.framework/Versions/A/Frameworks/vecLib.framework/Versions/A/libvMisc.dylib
0x0000000049fc9000 	/System/Library/Frameworks/Accelerate.framework/Versions/A/Frameworks/vecLib.framework/Versions/A/libLAPACK.dylib
0x0000000049fc9000 	/System/Library/Frameworks/Accelerate.framework/Versions/A/Frameworks/vecLib.framework/Versions/A/libBLAS.dylib
0x0000000049fc9000 	/System/Library/Frameworks/Accelerate.framework/Versions/A/Frameworks/vecLib.framework/Versions/A/libLinearAlgebra.dylib
0x0000000049fc9000 	/System/Library/Frameworks/Accelerate.framework/Versions/A/Frameworks/vecLib.framework/Versions/A/libSparseBLAS.dylib
0x0000000049fc9000 	/System/Library/Frameworks/ApplicationServices.framework/Versions/A/Frameworks/ATS.framework/Versions/A/Resources/libFontParser.dylib
0x0000000049fc9000 	/System/Library/Frameworks/ApplicationServices.framework/Versions/A/Frameworks/ATS.framework/Versions/A/Resources/libFontRegistry.dylib
0x0000000049fc9000 	/System/Library/Frameworks/ImageIO.framework/Versions/A/Resources/libJPEG.dylib
0x0000000049fc9000 	/System/Library/Frameworks/ImageIO.framework/Versions/A/Resources/libTIFF.dylib
0x0000000049fc9000 	/System/Library/Frameworks/ImageIO.framework/Versions/A/Resources/libPng.dylib
0x0000000049fc9000 	/System/Library/Frameworks/ImageIO.framework/Versions/A/Resources/libGIF.dylib
0x0000000049fc9000 	/System/Library/Frameworks/ImageIO.framework/Versions/A/Resources/libJP2.dylib
0x0000000049fc9000 	/System/Library/Frameworks/ImageIO.framework/Versions/A/Resources/libRadiance.dylib
0x0000000049fc9000 	/usr/lib/libcompression.dylib
0x0000000049fc9000 	/System/Library/PrivateFrameworks/AppleJPEG.framework/Versions/A/AppleJPEG
0x0000000049fc9000 	/usr/lib/libcups.2.dylib
0x0000000049fc9000 	/System/Library/Frameworks/Kerberos.framework/Versions/A/Kerberos
0x0000000049fc9000 	/System/Library/Frameworks/GSS.framework/Versions/A/GSS
0x0000000049fc9000 	/usr/lib/libresolv.9.dylib
0x0000000049fc9000 	/usr/lib/libiconv.2.dylib
0x0000000049fc9000 	/System/Library/PrivateFrameworks/Heimdal.framework/Versions/A/Heimdal
0x0000000049fc9000 	/usr/lib/libheimdal-asn1.dylib
0x0000000049fc9000 	/System/Library/Frameworks/OpenDirectory.framework/Versions/A/OpenDirectory
0x0000000049fc9000 	/System/Library/PrivateFrameworks/CommonAuth.framework/Versions/A/CommonAuth
0x0000000049fc9000 	/System/Library/Frameworks/OpenDirectory.framework/Versions/A/Frameworks/CFOpenDirectory.framework/Versions/A/CFOpenDirectory
0x0000000049fc9000 	/System/Library/Frameworks/SecurityFoundation.framework/Versions/A/SecurityFoundation
0x0000000049fc9000 	/System/Library/PrivateFrameworks/LanguageModeling.framework/Versions/A/LanguageModeling
0x0000000049fc9000 	/usr/lib/libmarisa.dylib
0x0000000049fc9000 	/usr/lib/libChineseTokenizer.dylib
0x0000000049fc9000 	/usr/lib/libcmph.dylib
0x0000000049fc9000 	/System/Library/PrivateFrameworks/CoreEmoji.framework/Versions/A/CoreEmoji
0x0000000049fc9000 	/System/Library/Frameworks/ServiceManagement.framework/Versions/A/ServiceManagement
0x0000000049fc9000 	/usr/lib/libxslt.1.dylib
0x0000000049fc9000 	/System/Library/Frameworks/Carbon.framework/Versions/A/Frameworks/Ink.framework/Versions/A/Ink
0x0000000049fc9000 	/System/Library/PrivateFrameworks/TextureIO.framework/Versions/A/TextureIO
0x0000000049fc9000 	/System/Library/Frameworks/Metal.framework/Versions/A/Metal
0x0000000049fc9000 	/usr/lib/libate.dylib
0x0000000049fc9000 	/System/Library/PrivateFrameworks/GPUCompiler.framework/libmetal_timestamp.dylib
0x0000000049fc9000 	/System/Library/Frameworks/OpenGL.framework/Versions/A/Libraries/libCoreFSCache.dylib
0x0000000049fc9000 	/System/Library/PrivateFrameworks/IOAccelerator.framework/Versions/A/IOAccelerator
0x0000000049fc9000 	/System/Library/Frameworks/CoreVideo.framework/Versions/A/CoreVideo
0x0000000049fc9000 	/usr/lib/libFosl_dynamic.dylib
0x0000000049fc9000 	/System/Library/PrivateFrameworks/MetalPerformanceShaders.framework/Versions/A/MetalPerformanceShaders
0x0000000049fc9000 	/System/Library/PrivateFrameworks/FaceCore.framework/Versions/A/FaceCore
0x0000000049fc9000 	/System/Library/Frameworks/OpenCL.framework/Versions/A/OpenCL
0x0000000049fc9000 	/System/Library/Frameworks/OpenGL.framework/Versions/A/Libraries/libGLU.dylib
0x0000000049fc9000 	/System/Library/Frameworks/OpenGL.framework/Versions/A/Libraries/libGFXShared.dylib
0x0000000049fc9000 	/System/Library/Frameworks/OpenGL.framework/Versions/A/Libraries/libGL.dylib
0x0000000049fc9000 	/System/Library/Frameworks/OpenGL.framework/Versions/A/Libraries/libGLImage.dylib
0x0000000049fc9000 	/System/Library/Frameworks/OpenGL.framework/Versions/A/Libraries/libCVMSPluginSupport.dylib
0x0000000049fc9000 	/System/Library/Frameworks/OpenGL.framework/Versions/A/Libraries/libCoreVMClient.dylib
0x0000000049fc9000 	/System/Library/PrivateFrameworks/CrashReporterSupport.framework/Versions/A/CrashReporterSupport
0x0000000049fc9000 	/System/Library/PrivateFrameworks/Sharing.framework/Versions/A/Sharing
0x0000000049fc9000 	/System/Library/PrivateFrameworks/IconServices.framework/Versions/A/IconServices
0x0000000049fc9000 	/System/Library/PrivateFrameworks/ProtocolBuffer.framework/Versions/A/ProtocolBuffer
0x0000000049fc9000 	/System/Library/PrivateFrameworks/Apple80211.framework/Versions/A/Apple80211
0x0000000049fc9000 	/System/Library/Frameworks/CoreWLAN.framework/Versions/A/CoreWLAN
0x0000000049fc9000 	/System/Library/PrivateFrameworks/CoreUtils.framework/Versions/A/CoreUtils
0x0000000049fc9000 	/System/Library/Frameworks/IOBluetooth.framework/Versions/A/IOBluetooth
0x0000000049fc9000 	/System/Library/PrivateFrameworks/CoreWiFi.framework/Versions/A/CoreWiFi
0x0000000049fc9000 	/System/Library/Frameworks/CoreBluetooth.framework/Versions/A/CoreBluetooth
0x0000000049fc9000 	/System/Library/Frameworks/CoreDisplay.framework/Versions/A/CoreDisplay
0x0000000049fc9000 	/System/Library/PrivateFrameworks/IOPresentment.framework/Versions/A/IOPresentment
0x0000000049fc9000 	/System/Library/PrivateFrameworks/DSExternalDisplay.framework/Versions/A/DSExternalDisplay
0x0000000049fc9000 	/System/Library/PrivateFrameworks/DebugSymbols.framework/Versions/A/DebugSymbols
0x0000000049fc9000 	/System/Library/PrivateFrameworks/CoreSymbolication.framework/Versions/A/CoreSymbolication
0x0000000049fc9000 	/System/Library/PrivateFrameworks/Symbolication.framework/Versions/A/Symbolication
0x0000000049fc9000 	/System/Library/PrivateFrameworks/AppleFSCompression.framework/Versions/A/AppleFSCompression
0x0000000049fc9000 	/System/Library/PrivateFrameworks/SpeechRecognitionCore.framework/Versions/A/SpeechRecognitionCore
0x0000000049fc9000 	/System/Library/PrivateFrameworks/ChunkingLibrary.framework/Versions/A/ChunkingLibrary
0x000000010f6b2000 	/System/Library/CoreServices/Encodings/libSimplifiedChineseConverter.dylib
0x000000010f6f6000 	/Library/Java/JavaVirtualMachines/jdk1.8.0_11.jdk/Contents/Home/jre/lib/server/libjvm.dylib
0x0000000049fc9000 	/usr/lib/libstdc++.6.dylib
0x00000001105b7000 	/Library/Java/JavaVirtualMachines/jdk1.8.0_11.jdk/Contents/Home/jre/lib/libverify.dylib
0x00000001105c5000 	/Library/Java/JavaVirtualMachines/jdk1.8.0_11.jdk/Contents/Home/jre/lib/libjava.dylib
0x0000000110e08000 	/Library/Java/JavaVirtualMachines/jdk1.8.0_11.jdk/Contents/Home/jre/lib/libzip.dylib
0x0000000116870000 	/System/Library/Frameworks/JavaVM.framework/Frameworks/JavaRuntimeSupport.framework/JavaRuntimeSupport
0x000000011688a000 	/System/Library/Frameworks/JavaVM.framework/Versions/A/Frameworks/JavaNativeFoundation.framework/Versions/A/JavaNativeFoundation
0x0000000126835000 	/System/Library/Frameworks/JavaVM.framework/Versions/A/JavaVM
0x0000000049fc9000 	/System/Library/Frameworks/Carbon.framework/Versions/A/Carbon
0x0000000126842000 	/System/Library/PrivateFrameworks/JavaLaunching.framework/Versions/A/JavaLaunching
0x0000000049fc9000 	/System/Library/Frameworks/Carbon.framework/Versions/A/Frameworks/CommonPanels.framework/Versions/A/CommonPanels
0x0000000049fc9000 	/System/Library/Frameworks/Carbon.framework/Versions/A/Frameworks/Help.framework/Versions/A/Help
0x0000000049fc9000 	/System/Library/Frameworks/Carbon.framework/Versions/A/Frameworks/ImageCapture.framework/Versions/A/ImageCapture
0x0000000049fc9000 	/System/Library/Frameworks/Carbon.framework/Versions/A/Frameworks/OpenScripting.framework/Versions/A/OpenScripting
0x0000000049fc9000 	/System/Library/Frameworks/Carbon.framework/Versions/A/Frameworks/Print.framework/Versions/A/Print
0x0000000049fc9000 	/System/Library/Frameworks/Carbon.framework/Versions/A/Frameworks/SecurityHI.framework/Versions/A/SecurityHI
0x000000012825a000 	/Applications/IntelliJ IDEA CE.app/Contents/bin/libbreakgen64.jnilib
0x000000012825d000 	/Library/Java/JavaVirtualMachines/jdk1.8.0_11.jdk/Contents/Home/jre/lib/libnet.dylib
0x0000000128361000 	/Library/Java/JavaVirtualMachines/jdk1.8.0_11.jdk/Contents/Home/jre/lib/libprism_es2.dylib
0x00000001283c6000 	/System/Library/Frameworks/OpenGL.framework/Resources/GLEngine.bundle/GLEngine
0x0000000049fc9000 	/System/Library/Frameworks/OpenGL.framework/Versions/A/Libraries/libGLProgrammability.dylib
0x00000001285ab000 	/System/Library/Extensions/AppleIntelHD5000GraphicsGLDriver.bundle/Contents/MacOS/AppleIntelHD5000GraphicsGLDriver
0x0000000049fc9000 	/System/Library/PrivateFrameworks/GPUSupport.framework/Versions/A/Libraries/libGPUSupportMercury.dylib
0x0000000128d1e000 	/System/Library/Frameworks/OpenGL.framework/Resources//GLRendererFloat.bundle/GLRendererFloat
0x0000000049fc9000 	/System/Library/Frameworks/OpenCL.framework/Versions/A/Libraries/libcldcpuengine.dylib
0x0000000049fc9000 	/usr/lib/libcrypto.0.9.8.dylib
0x0000000049fc9000 	/System/Library/PrivateFrameworks/TrustEvaluationAgent.framework/Versions/A/TrustEvaluationAgent
0x0000000129181000 	/Library/Java/JavaVirtualMachines/jdk1.8.0_11.jdk/Contents/Home/jre/lib/libglass.dylib
0x0000000049fc9000 	/System/Library/PrivateFrameworks/CoreServicesInternal.framework/Versions/A/CoreServicesInternal
0x0000000049fc9000 	/System/Library/CoreServices/RawCamera.bundle/Contents/MacOS/RawCamera
0x0000000049fc9000 	/System/Library/Frameworks/Accelerate.framework/Versions/A/Frameworks/vImage.framework/Versions/A/Libraries/libCGInterfaces.dylib
0x0000000049fc9000 	/System/Library/PrivateFrameworks/FamilyControls.framework/Versions/A/FamilyControls
0x0000000049fc9000 	/System/Library/PrivateFrameworks/CommerceKit.framework/Versions/A/Frameworks/CommerceCore.framework/Versions/A/CommerceCore
0x0000000049fc9000 	/System/Library/PrivateFrameworks/SystemAdministration.framework/Versions/A/SystemAdministration
0x0000000049fc9000 	/System/Library/PrivateFrameworks/AppContainer.framework/Versions/A/AppContainer
0x0000000049fc9000 	/System/Library/PrivateFrameworks/SecCodeWrapper.framework/Versions/A/SecCodeWrapper
0x0000000049fc9000 	/System/Library/Frameworks/DirectoryService.framework/Versions/A/DirectoryService
0x0000000049fc9000 	/System/Library/PrivateFrameworks/DiskImages.framework/Versions/A/DiskImages
0x0000000049fc9000 	/System/Library/PrivateFrameworks/LoginUIKit.framework/Versions/A/Frameworks/LoginUICore.framework/Versions/A/LoginUICore
0x0000000049fc9000 	/usr/lib/libCoreStorage.dylib
0x0000000049fc9000 	/usr/lib/libcsfde.dylib
0x0000000049fc9000 	/usr/lib/libodfde.dylib
0x0000000049fc9000 	/System/Library/Frameworks/DiscRecording.framework/Versions/A/DiscRecording
0x0000000049fc9000 	/usr/lib/libcurl.4.dylib
0x0000000049fc9000 	/System/Library/PrivateFrameworks/MediaKit.framework/Versions/A/MediaKit
0x0000000049fc9000 	/System/Library/PrivateFrameworks/ProtectedCloudStorage.framework/Versions/A/ProtectedCloudStorage
0x0000000049fc9000 	/System/Library/PrivateFrameworks/EFILogin.framework/Versions/A/EFILogin
0x0000000049fc9000 	/usr/lib/libutil.dylib
0x0000000049fc9000 	/System/Library/Frameworks/LDAP.framework/Versions/A/LDAP
0x0000000049fc9000 	/usr/lib/libsasl2.2.dylib
0x0000000049fc9000 	/System/Library/PrivateFrameworks/CoreDaemon.framework/Versions/B/CoreDaemon
0x0000000049fc9000 	/System/Library/PrivateFrameworks/AppleSRP.framework/Versions/A/AppleSRP
0x0000000049fc9000 	/System/Library/PrivateFrameworks/APFS.framework/Versions/A/APFS
0x000000012c8ad000 	/Library/Java/JavaVirtualMachines/jdk1.8.0_11.jdk/Contents/Home/jre/lib/libjavafx_font.dylib
0x0000000049fc9000 	/System/Library/Frameworks/ApplicationServices.framework/Versions/A/Frameworks/ATS.framework/Versions/A/Resources/libTrueTypeScaler.dylib
0x000000012f3cc000 	/System/Library/Extensions/AppleIntelHD5000GraphicsMTLDriver.bundle/Contents/MacOS/AppleIntelHD5000GraphicsMTLDriver
0x000000012f77b000 	/Library/Java/JavaVirtualMachines/jdk1.8.0_11.jdk/Contents/Home/jre/lib/libprism_common.dylib
0x0000000049fc9000 	/System/Library/PrivateFrameworks/ViewBridge.framework/Versions/A/ViewBridge
0x0000000049fc9000 	/System/Library/PrivateFrameworks/XPCService.framework/Versions/A/XPCService
0x0000000049fc9000 	/System/Library/PrivateFrameworks/AppSandbox.framework/Versions/A/AppSandbox
0x0000000049fc9000 	/usr/lib/libsandbox.1.dylib
0x0000000049fc9000 	/usr/lib/libMatch.1.dylib

VM Arguments:
jvm_args: -Didea.launcher.port=7533 -Didea.launcher.bin.path=/Applications/IntelliJ IDEA CE.app/Contents/bin -Dfile.encoding=UTF-8 
java_command: com.intellij.rt.execution.application.AppMain main.Main
java_class_path (initial): /Library/Java/JavaVirtualMachines/jdk1.8.0_11.jdk/Contents/Home/lib/ant-javafx.jar:/Library/Java/JavaVirtualMachines/jdk1.8.0_11.jdk/Contents/Home/lib/dt.jar:/Library/Java/JavaVirtualMachines/jdk1.8.0_11.jdk/Contents/Home/lib/javafx-mx.jar:/Library/Java/JavaVirtualMachines/jdk1.8.0_11.jdk/Contents/Home/lib/jconsole.jar:/Library/Java/JavaVirtualMachines/jdk1.8.0_11.jdk/Contents/Home/lib/sa-jdi.jar:/Library/Java/JavaVirtualMachines/jdk1.8.0_11.jdk/Contents/Home/lib/tools.jar:/Library/Java/JavaVirtualMachines/jdk1.8.0_11.jdk/Contents/Home/jre/lib/charsets.jar:/Library/Java/JavaVirtualMachines/jdk1.8.0_11.jdk/Contents/Home/jre/lib/deploy.jar:/Library/Java/JavaVirtualMachines/jdk1.8.0_11.jdk/Contents/Home/jre/lib/htmlconverter.jar:/Library/Java/JavaVirtualMachines/jdk1.8.0_11.jdk/Contents/Home/jre/lib/javaws.jar:/Library/Java/JavaVirtualMachines/jdk1.8.0_11.jdk/Contents/Home/jre/lib/jce.jar:/Library/Java/JavaVirtualMachines/jdk1.8.0_11.jdk/Contents/Home/jre/lib/jfr.jar:/Library/Java/JavaVirtualMachines/jdk1.8.0_11.jdk/Contents/Home/jre/lib/jfxswt.jar:/Library/Java/JavaVirtualMachines/jdk1.8.0_11.jdk/Contents/Home/jre/lib/jsse.jar:/Library/Java/JavaVirtualMachines/jdk1.8.0_11.jdk/Contents/Home/jre/lib/management-agent.jar:/Library/Java/JavaVirtualMachines/jdk1.8.0_11.jdk/Contents/Home/jre/lib/plugin.jar:/Library/Java/JavaVirtualMachines/jdk1.8.0_11.jdk/Contents/Home/jre/lib/resources.jar:/Library/Java/JavaVirtualMachines/jdk1.8.0_11.jdk/Contents/Home/jre/lib/rt.jar:/Library/Java/JavaVirtualMachines/jdk1.8.0_11.jdk/Contents/Home/jre/lib/ext/cldrdata.jar:/Library/Java/JavaVirtualMachines/jdk1.8.0_11.jdk/Contents/Home/jre/lib/ext/dnsns.jar:/Library/Java/JavaVirtualMachines/jdk1.8.0_11.jdk/Contents/Home/jre/lib/ext/jfxrt.jar:/Library/Java/JavaVirtualMachines/jdk1.8.0_11.jdk/Contents/Home/jre/lib/ext/localedata.jar:/Library/Java/JavaVirtualMachines/jdk1.8.0_11.jdk/Contents/Home/jre/lib/ext/nashorn.jar:/Library/Java/JavaVirtualMachines/jdk1.8.0_11.j
Launcher Type: SUN_STANDARD

Environment Variables:
PATH=/Users/redrock/bin:/Users/redrock/Library/Android/sdk/tools:/Library/Frameworks/Python.framework/Versions/3.4/bin:/Users/redrock/Library/Android/sdk/platform-tools:/usr/local/bin:/usr/bin:/bin:/usr/sbin:/sbin:/Users/redrock/.rvm/bin:/Library/TeX/texbin
SHELL=/bin/zsh

Signal Handlers:
SIGSEGV: [libjvm.dylib+0x56059b], sa_mask[0]=0xfffefeff, sa_flags=0x00000043
SIGBUS: [libjvm.dylib+0x56059b], sa_mask[0]=0xfffefeff, sa_flags=0x00000042
SIGFPE: [libjvm.dylib+0x4438f2], sa_mask[0]=0xfffefeff, sa_flags=0x00000042
SIGPIPE: [libjvm.dylib+0x4438f2], sa_mask[0]=0xfffefeff, sa_flags=0x00000042
SIGXFSZ: [libjvm.dylib+0x4438f2], sa_mask[0]=0xfffefeff, sa_flags=0x00000042
SIGILL: [libjvm.dylib+0x4438f2], sa_mask[0]=0xfffefeff, sa_flags=0x00000042
SIGUSR1: SIG_DFL, sa_mask[0]=0x00000000, sa_flags=0x00000000
SIGUSR2: [libjvm.dylib+0x443410], sa_mask[0]=0x00000004, sa_flags=0x00000042
SIGHUP: [libjvm.dylib+0x44179b], sa_mask[0]=0xfffefeff, sa_flags=0x00000042
SIGINT: [libjvm.dylib+0x44179b], sa_mask[0]=0xfffefeff, sa_flags=0x00000042
SIGTERM: [libjvm.dylib+0x44179b], sa_mask[0]=0xfffefeff, sa_flags=0x00000042
SIGQUIT: [libjvm.dylib+0x44179b], sa_mask[0]=0xfffefeff, sa_flags=0x00000042


---------------  S Y S T E M  ---------------

OS:Bsduname:Darwin 16.6.0 Darwin Kernel Version 16.6.0: Fri Apr 14 16:21:16 PDT 2017; root:xnu-3789.60.24~6/RELEASE_X86_64 x86_64
rlimit: STACK 8192k, CORE 0k, NPROC 709, NOFILE 10240, AS infinity
load average:2.64 3.61 3.32

CPU:total 4 (2 cores per cpu, 2 threads per core) family 6 model 69 stepping 1, cmov, cx8, fxsr, mmx, sse, sse2, sse3, ssse3, sse4.1, sse4.2, popcnt, avx, avx2, aes, clmul, erms, ht, tsc, tscinvbit

Memory: 4k page, physical 8388608k(1540588k free)

/proc/meminfo:


vm_info: Java HotSpot(TM) 64-Bit Server VM (25.11-b03) for bsd-amd64 JRE (1.8.0_11-b12), built on Jun 16 2014 17:39:42 by "java_re" with gcc 4.2.1 (Based on Apple Inc. build 5658) (LLVM build 2336.11.00)

time: Tue Jun 13 15:17:06 2017
elapsed time: 20 seconds

